⏰ Gmail Sync Scheduler started
📍 Interval: 1 minute(s)

[2026-05-16T12:18:59.324Z] 🔄 Starting Gmail sync...
❌ Sync failed with code 1
Error: ❌ Sync failed: getaddrinfo EAI_AGAIN gmail.googleapis.com


[2026-05-16T12:19:59.385Z] 🔄 Starting Gmail sync...
❌ Sync failed with code 1
Error: ❌ Sync failed: connect ECONNREFUSED 127.0.0.1:3001


[2026-05-16T12:20:59.406Z] 🔄 Starting Gmail sync...
⏭️  Sync already in progress, skipping...
❌ Sync failed with code 1
Error: ❌ Sync failed: connect ECONNREFUSED 127.0.0.1:3001


[2026-05-16T12:22:59.427Z] 🔄 Starting Gmail sync...
⏭️  Sync already in progress, skipping...
❌ Sync failed with code 1
Error: ❌ Sync failed: connect ECONNREFUSED 127.0.0.1:3001


[2026-05-16T12:24:59.484Z] 🔄 Starting Gmail sync...
⏭️  Sync already in progress, skipping...
⏭️  Sync already in progress, skipping...
✅     ⏭️  Duplicate: no-reply@n.dribbble.com - Dribbble x Framer: Exclusive Deal

[2026-05-16T12:27:59.546Z] 🔄 Starting Gmail sync...
❌ Sync failed with code 1
Error: ❌ Sync failed: connect ECONNREFUSED 127.0.0.1:3001


[2026-05-16T12:28:59.597Z] 🔄 Starting Gmail sync...
⏭️  Sync already in progress, skipping...
❌ Sync failed with code 1
Error: ❌ Sync failed: connect ECONNREFUSED 127.0.0.1:3001


[2026-05-16T12:30:59.605Z] 🔄 Starting Gmail sync...
❌ Sync failed with code 1
Error: ❌ Sync failed: read ECONNRESET


[2026-05-16T12:31:59.607Z] 🔄 Starting Gmail sync...
⏭️  Sync already in progress, skipping...
⏭️  Sync already in progress, skipping...
✅     ⏭️  Duplicate: notifications-noreply@linkedin.com - You have 10+ new invitations

[2026-05-16T12:34:59.613Z] 🔄 Starting Gmail sync...
⏭️  Sync already in progress, skipping...
⏭️  Sync already in progress, skipping...
✅     ⏭️  Duplicate: notifications-noreply@linkedin.com - You have 10+ new invitations

[2026-05-16T12:37:59.621Z] 🔄 Starting Gmail sync...
⏭️  Sync already in progress, skipping...
⏭️  Sync already in progress, skipping...
✅     ⏭️  Duplicate: notifications-noreply@linkedin.com - You have 10+ new invitations

[2026-05-16T12:40:59.629Z] 🔄 Starting Gmail sync...
⏭️  Sync already in progress, skipping...
⏭️  Sync already in progress, skipping...
✅     ⏭️  Duplicate: notifications-noreply@linkedin.com - You have 10+ new invitations

[2026-05-16T12:43:59.631Z] 🔄 Starting Gmail sync...
⏭️  Sync already in progress, skipping...
⏭️  Sync already in progress, skipping...
✅     ⏭️  Duplicate: notifications-noreply@linkedin.com - You have 10+ new invitations

[2026-05-16T12:46:59.633Z] 🔄 Starting Gmail sync...
⏭️  Sync already in progress, skipping...
⏭️  Sync already in progress, skipping...
✅     ⏭️  Duplicate: notifications-noreply@linkedin.com - You have 10+ new invitations

[2026-05-16T12:49:59.639Z] 🔄 Starting Gmail sync...
⏭️  Sync already in progress, skipping...
⏭️  Sync already in progress, skipping...
✅     ⏭️  Duplicate: notifications-noreply@linkedin.com - You have 10+ new invitations

[2026-05-16T12:52:59.646Z] 🔄 Starting Gmail sync...
⏭️  Sync already in progress, skipping...
⏭️  Sync already in progress, skipping...
✅     ⏭️  Duplicate: notifications-noreply@linkedin.com - You have 10+ new invitations

[2026-05-16T12:55:59.650Z] 🔄 Starting Gmail sync...
⏭️  Sync already in progress, skipping...
⏭️  Sync already in progress, skipping...
✅     ⏭️  Duplicate: notifications-noreply@linkedin.com - You have 10+ new invitations

